<?xml version="1.0" encoding="UTF-8"?>
<!-- Generated by org.testng.reporters.JUnitReportReporter -->
<testsuite skipped="0" hostname="LAPTOP-46RMMBRN" name="CallingAllMethods.AllMethods" tests="1" failures="0" timestamp="2022-01-15T16:55:03 CST" time="12.361" errors="0">
  <testcase name="practiceall" time="12.361" classname="CallingAllMethods.AllMethods"/>
  <system-out/>
</testsuite> <!-- CallingAllMethods.AllMethods -->
